{"logTime": "1220/053935", "correlationVector":"F9gBdGhsa5Y1aOgi9eId1W.0","action":"FeedSettingFetch_homeCloud", "result":"0", "context":{}}
{"logTime": "1220/053935", "correlationVector":"80cX/tOXbQMb73CM46T976","action":"Initial GetUpdates", "result":"", "context":Reason: NEW_CLIENT. cV=80cX/tOXbQMb73CM46T976}
{"logTime": "1220/053935", "correlationVector":"80cX/tOXbQMb73CM46T976.2","action":"GetUpdates Response", "result":"SYNCER_OK", "context":Received 1 update(s). cV=80cX/tOXbQMb73CM46T976.0;server=GENERAL0300001P;cloudType=Consumer;environment=Prod_SoutheastAsia_000j;migrationStage=NotStarted}
{"logTime": "1220/053935", "correlationVector":"tteRNmSMhBy/tVm1Y95KyM","action":"Initial GetUpdates", "result":"", "context":Reason: NEW_CLIENT. cV=tteRNmSMhBy/tVm1Y95KyM}
{"logTime": "1220/053935", "correlationVector":"tteRNmSMhBy/tVm1Y95KyM.1","action":"SyncServerConnectionManagerRequest", "result":"SYNC_SERVER_OK", "context":{"environment":"Prod_SoutheastAsia_000j", "migrationStage":"NotStarted", "server":"GENERAL0300000Z"}}
{"logTime": "1220/053935", "correlationVector":"tteRNmSMhBy/tVm1Y95KyM.2","action":"GetUpdates Response", "result":"SYNCER_OK", "context":Received 1 update(s). cV=tteRNmSMhBy/tVm1Y95KyM.0;server=GENERAL0300000Z;cloudType=Consumer;environment=Prod_SoutheastAsia_000j;migrationStage=NotStarted}
{"logTime": "1220/053935", "correlationVector":"TqvtQhDhHp1fL7QLivS+jK","action":"SyncServerConnectionManagerRequest", "result":"SYNC_SERVER_OK", "context":{"environment":"", "migrationStage":"", "server":""}}
{"logTime": "1220/053935", "correlationVector":"WEsWRRGIC4xInsyW67Svkb","action":"Normal GetUpdate request", "result":"", "context":cV=WEsWRRGIC4xInsyW67Svkb
Nudged types: Device Info, User Consents
Refresh requested types: Device Info, User Consents, Send Tab To Self, Encryption Keys}
{"logTime": "1220/053935", "correlationVector":"WEsWRRGIC4xInsyW67Svkb.1","action":"SyncServerConnectionManagerRequest", "result":"SYNC_SERVER_OK", "context":{"environment":"Prod_SoutheastAsia_000j", "migrationStage":"NotStarted", "server":"GENERAL0100000Z"}}
{"logTime": "1220/053935", "correlationVector":"WEsWRRGIC4xInsyW67Svkb.2","action":"GetUpdates Response", "result":"SYNCER_OK", "context":Received 0 update(s). cV=WEsWRRGIC4xInsyW67Svkb.0;server=GENERAL0100000Z;cloudType=Consumer;environment=Prod_SoutheastAsia_000j;migrationStage=NotStarted}
{"logTime": "1220/053935", "correlationVector":"J7jz6mSEgpuWzEtRwPt+Y5.1","action":"SyncServerConnectionManagerRequest", "result":"SYNC_SERVER_OK", "context":{"environment":"Prod_SoutheastAsia_000j", "migrationStage":"NotStarted", "server":"GENERAL0100001F"}}
{"logTime": "1220/053935", "correlationVector":"J7jz6mSEgpuWzEtRwPt+Y5.2","action":"Commit Response", "result":"SYNCER_OK", "context":Result: SYNCER_OK. cV=J7jz6mSEgpuWzEtRwPt+Y5.0;server=GENERAL0100001F;cloudType=Consumer;environment=Prod_SoutheastAsia_000j;migrationStage=NotStarted}
{"logTime": "1220/053935", "correlationVector":"NlhajHisRYPHXM/eEAc58V.1","action":"SyncServerConnectionManagerRequest", "result":"SYNC_SERVER_OK", "context":{"environment":"Prod_SoutheastAsia_000j", "migrationStage":"NotStarted", "server":"GENERAL01000011"}}
{"logTime": "1220/053935", "correlationVector":"NlhajHisRYPHXM/eEAc58V.2","action":"Commit Response", "result":"SYNCER_OK", "context":Result: SYNCER_OK. cV=NlhajHisRYPHXM/eEAc58V.0;server=GENERAL01000011;cloudType=Consumer;environment=Prod_SoutheastAsia_000j;migrationStage=NotStarted}
{"logTime": "1220/053935", "correlationVector":"JY8clUKPmXLmQFtoqTUuxU","action":"Normal GetUpdate request", "result":"", "context":cV=JY8clUKPmXLmQFtoqTUuxU
Nudged types: Device Info
Refresh requested types: Device Info, User Consents, Send Tab To Self, Encryption Keys}
{"logTime": "1220/053935", "correlationVector":"JY8clUKPmXLmQFtoqTUuxU.1","action":"SyncServerConnectionManagerRequest", "result":"SYNC_SERVER_OK", "context":{"environment":"Prod_SoutheastAsia_000j", "migrationStage":"NotStarted", "server":"GENERAL01000005"}}
{"logTime": "1220/053935", "correlationVector":"JY8clUKPmXLmQFtoqTUuxU.2","action":"GetUpdates Response", "result":"SYNCER_OK", "context":Received 1 update(s). cV=JY8clUKPmXLmQFtoqTUuxU.0;server=GENERAL01000005;cloudType=Consumer;environment=Prod_SoutheastAsia_000j;migrationStage=NotStarted}
{"logTime": "1220/054829", "correlationVector":"mrHpKnAeBZecZjAveMaOiT.0","action":"FeedSettingFetch_homeCloud", "result":"0", "context":{}}
{"logTime": "1220/054829", "correlationVector":"VZiR2gU/Es/u63VkKv1mnW.1","action":"SyncServerConnectionManagerRequest", "result":"SYNC_SERVER_OK", "context":{"environment":"Prod_SoutheastAsia_000j", "migrationStage":"NotStarted", "server":"GENERAL0300001O"}}
{"logTime": "1220/054829", "correlationVector":"VZiR2gU/Es/u63VkKv1mnW","action":"Initial GetUpdates", "result":"", "context":Reason: NEW_CLIENT. cV=VZiR2gU/Es/u63VkKv1mnW}
{"logTime": "1220/054829", "correlationVector":"VZiR2gU/Es/u63VkKv1mnW.2","action":"GetUpdates Response", "result":"SYNCER_OK", "context":Received 1 update(s). cV=VZiR2gU/Es/u63VkKv1mnW.0;server=GENERAL0300001O;cloudType=Consumer;environment=Prod_SoutheastAsia_000j;migrationStage=NotStarted}
{"logTime": "1220/054829", "correlationVector":"y8k2y/l9aaDgEW6B+cUJq4.1","action":"SyncServerConnectionManagerRequest", "result":"SYNC_SERVER_OK", "context":{"environment":"Prod_SoutheastAsia_000j", "migrationStage":"NotStarted", "server":"GENERAL0100001E"}}
{"logTime": "1220/054829", "correlationVector":"y8k2y/l9aaDgEW6B+cUJq4.2","action":"GetUpdates Response", "result":"SYNCER_OK", "context":Received 0 update(s). cV=y8k2y/l9aaDgEW6B+cUJq4.0;server=GENERAL0100001E;cloudType=Consumer;environment=Prod_SoutheastAsia_000j;migrationStage=NotStarted}
{"logTime": "1220/054832", "correlationVector":"ywLMUzCh6ZW3IUoSlxGV9Z","action":"SyncServerConnectionManagerRequest", "result":"SYNC_SERVER_OK", "context":{"environment":"", "migrationStage":"", "server":""}}
{"logTime": "1220/054832", "correlationVector":"Rt+boroIBtfmjlVnE7AtU4","action":"Initial GetUpdates", "result":"", "context":Reason: RECONFIGURATION. cV=Rt+boroIBtfmjlVnE7AtU4}
{"logTime": "1220/054833", "correlationVector":"Rt+boroIBtfmjlVnE7AtU4.1","action":"SyncServerConnectionManagerRequest", "result":"SYNC_SERVER_OK", "context":{"environment":"Prod_SoutheastAsia_000j", "migrationStage":"NotStarted", "server":"GENERAL0100001F"}}
{"logTime": "1220/054833", "correlationVector":"Rt+boroIBtfmjlVnE7AtU4.2","action":"GetUpdates", "result":"DeleteReceived", "context":{"id":"f51be7f6-d9da-424d-9808-d1bd75be8a8e", "isDeleted:":"true", "version":"1696136757893"}}
{"logTime": "1220/054833", "correlationVector":"Rt+boroIBtfmjlVnE7AtU4.3","action":"GetUpdates Response", "result":"SYNCER_OK", "context":Received 174 update(s). cV=Rt+boroIBtfmjlVnE7AtU4.0;server=GENERAL0100001F;cloudType=Consumer;environment=Prod_SoutheastAsia_000j;migrationStage=NotStarted}
{"logTime": "1220/054833", "correlationVector":"y6FqFXYfEQm4UEcqIquWps","action":"Initial GetUpdates", "result":"", "context":Reason: NEWLY_SUPPORTED_DATATYPE. cV=y6FqFXYfEQm4UEcqIquWps}
{"logTime": "1220/054833", "correlationVector":"y6FqFXYfEQm4UEcqIquWps.1","action":"SyncServerConnectionManagerRequest", "result":"SYNC_SERVER_OK", "context":{"environment":"Prod_SoutheastAsia_000j", "migrationStage":"NotStarted", "server":"GENERAL0100000A"}}
{"logTime": "1220/054833", "correlationVector":"y6FqFXYfEQm4UEcqIquWps.2","action":"GetUpdates", "result":"DeleteReceived", "context":{"id":"03afa52f-2f19-450e-af1b-fd089d3d4761", "isDeleted:":"true", "version":"1676644315214"}}
{"logTime": "1220/054833", "correlationVector":"y6FqFXYfEQm4UEcqIquWps.3","action":"GetUpdates", "result":"DeleteReceived", "context":{"id":"a24b7f24-192c-423f-be27-b027e1d47760", "isDeleted:":"true", "version":"1676644374964"}}
{"logTime": "1220/054833", "correlationVector":"y6FqFXYfEQm4UEcqIquWps.4","action":"GetUpdates", "result":"DeleteReceived", "context":{"id":"b63036ea-d4d1-42d5-ada7-a323395da8e4", "isDeleted:":"true", "version":"1676644374965"}}
{"logTime": "1220/054833", "correlationVector":"y6FqFXYfEQm4UEcqIquWps.5","action":"GetUpdates", "result":"DeleteReceived", "context":{"id":"193c0074-3ded-462c-b538-9854dbbe3da6", "isDeleted:":"true", "version":"1676644374966"}}
{"logTime": "1220/054833", "correlationVector":"y6FqFXYfEQm4UEcqIquWps.6","action":"GetUpdates", "result":"DeleteReceived", "context":{"id":"a418a4fd-4da8-49c9-b28a-fefa94dbfd6e", "isDeleted:":"true", "version":"1676644374967"}}
{"logTime": "1220/054833", "correlationVector":"y6FqFXYfEQm4UEcqIquWps.7","action":"GetUpdates", "result":"DeleteReceived", "context":{"id":"befd1657-6723-4721-bbdb-2ee3f4bf1e8d", "isDeleted:":"true", "version":"1676644374968"}}
{"logTime": "1220/054833", "correlationVector":"y6FqFXYfEQm4UEcqIquWps.8","action":"GetUpdates", "result":"DeleteReceived", "context":{"id":"95f79bc6-2de7-4d6f-a4c8-95518b39f28e", "isDeleted:":"true", "version":"1676644374969"}}
{"logTime": "1220/054833", "correlationVector":"y6FqFXYfEQm4UEcqIquWps.9","action":"GetUpdates", "result":"DeleteReceived", "context":{"id":"9da1ba87-a563-42c3-b1ca-bd2dbb404632", "isDeleted:":"true", "version":"1676644374970"}}
{"logTime": "1220/054833", "correlationVector":"y6FqFXYfEQm4UEcqIquWps.10","action":"GetUpdates", "result":"DeleteReceived", "context":{"id":"ac339310-50ec-41a3-8f4a-e30b5a646926", "isDeleted:":"true", "version":"1676644374971"}}
{"logTime": "1220/054833", "correlationVector":"y6FqFXYfEQm4UEcqIquWps.11","action":"GetUpdates", "result":"DeleteReceived", "context":{"id":"d41d29df-dfe4-4199-b07b-c13d9ff1e046", "isDeleted:":"true", "version":"1696494573640"}}
{"logTime": "1220/054833", "correlationVector":"ZRb9aOBeAL6yp39cesdtrX","action":"Initial GetUpdates", "result":"", "context":Reason: NEWLY_SUPPORTED_DATATYPE. cV=ZRb9aOBeAL6yp39cesdtrX}
{"logTime": "1220/054834", "correlationVector":"ZRb9aOBeAL6yp39cesdtrX.1","action":"SyncServerConnectionManagerRequest", "result":"SYNC_SERVER_OK", "context":{"environment":"Prod_SoutheastAsia_000j", "migrationStage":"NotStarted", "server":"GENERAL01000002"}}
{"logTime": "1220/054834", "correlationVector":"ZRb9aOBeAL6yp39cesdtrX.2","action":"GetUpdates", "result":"DeleteReceived", "context":{"id":"26873a66-d247-4d7e-b0ad-e49ad55d219c", "isDeleted:":"true", "version":"1696136763690"}}
{"logTime": "1220/054834", "correlationVector":"ZRb9aOBeAL6yp39cesdtrX.3","action":"GetUpdates", "result":"DeleteReceived", "context":{"id":"5ec37ed4-8538-4b69-9a6b-211f1dcf5249", "isDeleted:":"true", "version":"1696136765568"}}
{"logTime": "1220/054834", "correlationVector":"ZRb9aOBeAL6yp39cesdtrX.4","action":"GetUpdates", "result":"DeleteReceived", "context":{"id":"51ab878c-1390-4fe2-8c09-8e4855277c6e", "isDeleted:":"true", "version":"1696136765570"}}
{"logTime": "1220/054834", "correlationVector":"ZRb9aOBeAL6yp39cesdtrX.5","action":"GetUpdates", "result":"DeleteReceived", "context":{"id":"9b1fe1e9-88a1-4c48-b3be-2bd228d97f20", "isDeleted:":"true", "version":"1696136765572"}}
{"logTime": "1220/054834", "correlationVector":"ZRb9aOBeAL6yp39cesdtrX.6","action":"GetUpdates", "result":"DeleteReceived", "context":{"id":"0295863e-29c4-44ca-be4f-63f39fb075e7", "isDeleted:":"true", "version":"1696136765574"}}
{"logTime": "1220/054834", "correlationVector":"ZRb9aOBeAL6yp39cesdtrX.7","action":"GetUpdates", "result":"DeleteReceived", "context":{"id":"384cf66b-49d5-4804-876f-0488a2f8ecdc", "isDeleted:":"true", "version":"1696136765575"}}
{"logTime": "1220/054834", "correlationVector":"ZRb9aOBeAL6yp39cesdtrX.8","action":"GetUpdates", "result":"DeleteReceived", "context":{"id":"f329541b-eeba-402f-b42e-01562999f897", "isDeleted:":"true", "version":"1696136765576"}}
{"logTime": "1220/054834", "correlationVector":"ZRb9aOBeAL6yp39cesdtrX.9","action":"GetUpdates", "result":"DeleteReceived", "context":{"id":"c0f8452b-f3ff-4db8-a7cc-e1a0f733279d", "isDeleted:":"true", "version":"1696234395863"}}
{"logTime": "1220/054834", "correlationVector":"ZRb9aOBeAL6yp39cesdtrX.10","action":"GetUpdates", "result":"DeleteReceived", "context":{"id":"f61ae7bb-c6fb-49c4-af2a-9d98c7c6e156", "isDeleted:":"true", "version":"1696234395866"}}
{"logTime": "1220/054834", "correlationVector":"ZRb9aOBeAL6yp39cesdtrX.11","action":"GetUpdates", "result":"DeleteReceived", "context":{"id":"ca64f716-52b5-4f8d-a7ae-d50270a02b5a", "isDeleted:":"true", "version":"1696301978313"}}
{"logTime": "1220/054834", "correlationVector":"ZRb9aOBeAL6yp39cesdtrX.12","action":"GetUpdates", "result":"DeleteReceived", "context":{"id":"e5e508de-8062-4fe3-b759-d207331f1425", "isDeleted:":"true", "version":"1696494260806"}}
{"logTime": "1220/054834", "correlationVector":"ZRb9aOBeAL6yp39cesdtrX.13","action":"GetUpdates", "result":"DeleteReceived", "context":{"id":"0361b732-bac4-44d0-818e-7b178a7247b0", "isDeleted:":"true", "version":"1696494260808"}}
{"logTime": "1220/054834", "correlationVector":"ZRb9aOBeAL6yp39cesdtrX.14","action":"GetUpdates", "result":"DeleteReceived", "context":{"id":"179f2a36-5bc8-49ef-8893-2fba0e2644a8", "isDeleted:":"true", "version":"1696494260809"}}
{"logTime": "1220/054834", "correlationVector":"ZRb9aOBeAL6yp39cesdtrX.15","action":"GetUpdates", "result":"DeleteReceived", "context":{"id":"76aca1f7-9187-4408-9470-2065c54c01af", "isDeleted:":"true", "version":"1696494320670"}}
{"logTime": "1220/054834", "correlationVector":"ZRb9aOBeAL6yp39cesdtrX.16","action":"GetUpdates", "result":"DeleteReceived", "context":{"id":"c1a3bc05-b020-460b-a7b6-382418f7a172", "isDeleted:":"true", "version":"1696494368820"}}
{"logTime": "1220/054834", "correlationVector":"ZRb9aOBeAL6yp39cesdtrX.17","action":"GetUpdates", "result":"DeleteReceived", "context":{"id":"8d940d78-065e-4d2c-8c7a-10a5edc88792", "isDeleted:":"true", "version":"1696494573641"}}
{"logTime": "1220/054834", "correlationVector":"ZRb9aOBeAL6yp39cesdtrX.18","action":"GetUpdates", "result":"DeleteReceived", "context":{"id":"811f9170-bf4b-46de-9078-b0ec2e5f3075", "isDeleted:":"true", "version":"1696496777835"}}
{"logTime": "1220/054834", "correlationVector":"ZRb9aOBeAL6yp39cesdtrX.20","action":"GetUpdates", "result":"DeleteReceived", "context":{"id":"e8367013-898e-4438-b146-83de59e0d364", "isDeleted:":"true", "version":"1696496843414"}}
{"logTime": "1220/054834", "correlationVector":"ZRb9aOBeAL6yp39cesdtrX.21","action":"GetUpdates", "result":"DeleteReceived", "context":{"id":"023b25ad-fcbd-4918-9257-2e73e2167cab", "isDeleted:":"true", "version":"1696753272752"}}
{"logTime": "1220/054834", "correlationVector":"ZRb9aOBeAL6yp39cesdtrX.22","action":"GetUpdates", "result":"DeleteReceived", "context":{"id":"87ef7076-fb1a-4fb1-80fc-d3ecf2d36a5a", "isDeleted:":"true", "version":"1696753335363"}}
{"logTime": "1220/054834", "correlationVector":"ZRb9aOBeAL6yp39cesdtrX.23","action":"GetUpdates", "result":"DeleteReceived", "context":{"id":"8d037238-4dd9-4e51-b700-5dbb1739cf9e", "isDeleted:":"true", "version":"1696753335365"}}
{"logTime": "1220/054834", "correlationVector":"ZRb9aOBeAL6yp39cesdtrX.25","action":"GetUpdates", "result":"DeleteReceived", "context":{"id":"30062070-1ff7-4227-af3d-ad99c150a17c", "isDeleted:":"true", "version":"1696776707892"}}
{"logTime": "1220/054834", "correlationVector":"ZRb9aOBeAL6yp39cesdtrX.26","action":"GetUpdates", "result":"DeleteReceived", "context":{"id":"0c6ff178-6224-48a2-a7c8-195888d475e6", "isDeleted:":"true", "version":"1696779566668"}}
{"logTime": "1220/054834", "correlationVector":"ZRb9aOBeAL6yp39cesdtrX.27","action":"GetUpdates", "result":"DeleteReceived", "context":{"id":"6bbbc513-c2fb-4169-8381-9dbcb93f1f9f", "isDeleted:":"true", "version":"1696805986977"}}
{"logTime": "1220/054834", "correlationVector":"ZRb9aOBeAL6yp39cesdtrX.28","action":"GetUpdates", "result":"DeleteReceived", "context":{"id":"5bc4b175-6fb8-4f72-ba76-b967e0f1b05b", "isDeleted:":"true", "version":"1696856864247"}}
{"logTime": "1220/054834", "correlationVector":"ZRb9aOBeAL6yp39cesdtrX.29","action":"GetUpdates", "result":"DeleteReceived", "context":{"id":"be92be71-39dd-47e5-ba8a-49daa631758b", "isDeleted:":"true", "version":"1696856864249"}}
{"logTime": "1220/054834", "correlationVector":"ZRb9aOBeAL6yp39cesdtrX.30","action":"GetUpdates", "result":"DeleteReceived", "context":{"id":"de10bb44-33c5-4e6d-9a0f-8e7670e52650", "isDeleted:":"true", "version":"1696859799599"}}
{"logTime": "1220/054834", "correlationVector":"ZRb9aOBeAL6yp39cesdtrX.31","action":"GetUpdates", "result":"DeleteReceived", "context":{"id":"eeb4b35b-b3fe-4d7c-943c-d68d71f33219", "isDeleted:":"true", "version":"1696867027863"}}
{"logTime": "1220/054834", "correlationVector":"ZRb9aOBeAL6yp39cesdtrX.32","action":"GetUpdates", "result":"DeleteReceived", "context":{"id":"f2088ff8-2237-408e-9625-08d3920c876d", "isDeleted:":"true", "version":"1697004295270"}}
{"logTime": "1220/054834", "correlationVector":"ZRb9aOBeAL6yp39cesdtrX.33","action":"GetUpdates", "result":"DeleteReceived", "context":{"id":"ec0a449c-2051-4b6c-a887-1f7db631c8a1", "isDeleted:":"true", "version":"1697027355541"}}
{"logTime": "1220/054834", "correlationVector":"ZRb9aOBeAL6yp39cesdtrX.35","action":"GetUpdates", "result":"DeleteReceived", "context":{"id":"9cab46ec-9240-4224-808f-de8a99984222", "isDeleted:":"true", "version":"1697079725919"}}
{"logTime": "1220/054834", "correlationVector":"ZRb9aOBeAL6yp39cesdtrX.36","action":"GetUpdates", "result":"DeleteReceived", "context":{"id":"176d1072-3058-4d2b-b3ae-d098081f948c", "isDeleted:":"true", "version":"1697079732256"}}
{"logTime": "1220/054834", "correlationVector":"ZRb9aOBeAL6yp39cesdtrX.38","action":"GetUpdates", "result":"DeleteReceived", "context":{"id":"137dd323-f81d-487b-a54b-011214bf26a9", "isDeleted:":"true", "version":"1697094232322"}}
{"logTime": "1220/054834", "correlationVector":"ZRb9aOBeAL6yp39cesdtrX.39","action":"GetUpdates", "result":"DeleteReceived", "context":{"id":"6b547773-33ec-477d-969b-7962ebf94895", "isDeleted:":"true", "version":"1697185335967"}}
{"logTime": "1220/054834", "correlationVector":"ZRb9aOBeAL6yp39cesdtrX.40","action":"GetUpdates", "result":"DeleteReceived", "context":{"id":"3db67c16-cb78-4635-a07d-ea1dcad6c621", "isDeleted:":"true", "version":"1697248787882"}}
{"logTime": "1220/054834", "correlationVector":"ZRb9aOBeAL6yp39cesdtrX.41","action":"GetUpdates", "result":"DeleteReceived", "context":{"id":"48dc5e9e-42b1-4ae9-8414-4459f21eca3f", "isDeleted:":"true", "version":"1697255490888"}}
{"logTime": "1220/054834", "correlationVector":"ZRb9aOBeAL6yp39cesdtrX.42","action":"GetUpdates", "result":"DeleteReceived", "context":{"id":"07354c82-f64c-499c-9303-fad0eb6dae8f", "isDeleted:":"true", "version":"1697280546577"}}
{"logTime": "1220/054834", "correlationVector":"ZRb9aOBeAL6yp39cesdtrX.43","action":"GetUpdates", "result":"DeleteReceived", "context":{"id":"3c5e35f7-b139-4bc2-a86f-1ee7bb305e59", "isDeleted:":"true", "version":"1697280546580"}}
{"logTime": "1220/054834", "correlationVector":"ZRb9aOBeAL6yp39cesdtrX.44","action":"GetUpdates", "result":"DeleteReceived", "context":{"id":"25098151-7a8b-45e5-8dd7-40c906e8ab78", "isDeleted:":"true", "version":"1697280729134"}}
{"logTime": "1220/054834", "correlationVector":"ZRb9aOBeAL6yp39cesdtrX.45","action":"GetUpdates", "result":"DeleteReceived", "context":{"id":"4af63ec9-7b96-4add-9c7e-be813c633147", "isDeleted:":"true", "version":"1697459801602"}}
{"logTime": "1220/054834", "correlationVector":"ZRb9aOBeAL6yp39cesdtrX.46","action":"GetUpdates", "result":"DeleteReceived", "context":{"id":"fbca1e04-22c6-4d8f-96f5-ba5395263eb3", "isDeleted:":"true", "version":"1697459801604"}}
{"logTime": "1220/054834", "correlationVector":"ZRb9aOBeAL6yp39cesdtrX.47","action":"GetUpdates", "result":"DeleteReceived", "context":{"id":"d0803add-4490-46a4-80c6-434cd0218c8d", "isDeleted:":"true", "version":"1697512692315"}}
{"logTime": "1220/054834", "correlationVector":"ZRb9aOBeAL6yp39cesdtrX.48","action":"GetUpdates", "result":"DeleteReceived", "context":{"id":"73939593-6f93-4904-963f-5b979e8229de", "isDeleted:":"true", "version":"1697521042784"}}
{"logTime": "1220/054834", "correlationVector":"ZRb9aOBeAL6yp39cesdtrX.49","action":"GetUpdates", "result":"DeleteReceived", "context":{"id":"4b696f6d-fbcc-462d-8b6f-ae94af9e6c17", "isDeleted:":"true", "version":"1697568704567"}}
{"logTime": "1220/054834", "correlationVector":"ZRb9aOBeAL6yp39cesdtrX.50","action":"GetUpdates", "result":"DeleteReceived", "context":{"id":"bcbc385e-cf94-4c91-90a6-f1a4943855f8", "isDeleted:":"true", "version":"1697568709303"}}
{"logTime": "1220/054834", "correlationVector":"ZRb9aOBeAL6yp39cesdtrX.51","action":"GetUpdates", "result":"DeleteReceived", "context":{"id":"6fde484a-0f8a-499c-9438-afe27edc7a64", "isDeleted:":"true", "version":"1697682841916"}}
{"logTime": "1220/054834", "correlationVector":"ZRb9aOBeAL6yp39cesdtrX.52","action":"GetUpdates", "result":"DeleteReceived", "context":{"id":"f4fb867c-6711-461f-bbe5-c7075e7401c9", "isDeleted:":"true", "version":"1697731268703"}}
{"logTime": "1220/054834", "correlationVector":"ZRb9aOBeAL6yp39cesdtrX.53","action":"GetUpdates", "result":"DeleteReceived", "context":{"id":"b3f15178-85f2-44fb-8a6d-bd9d795318fc", "isDeleted:":"true", "version":"1698246851209"}}
{"logTime": "1220/054834", "correlationVector":"ZRb9aOBeAL6yp39cesdtrX.55","action":"GetUpdates", "result":"DeleteReceived", "context":{"id":"2b1a3f73-f686-4e0a-a720-ec5036e55ff8", "isDeleted:":"true", "version":"1698492421537"}}
{"logTime": "1220/054834", "correlationVector":"ZRb9aOBeAL6yp39cesdtrX.56","action":"GetUpdates", "result":"DeleteReceived", "context":{"id":"19070cfa-c7e7-4253-993e-22b6ab5fb511", "isDeleted:":"true", "version":"1698492421538"}}
{"logTime": "1220/054834", "correlationVector":"ZRb9aOBeAL6yp39cesdtrX.57","action":"GetUpdates", "result":"DeleteReceived", "context":{"id":"1cd862ba-1fbd-4547-b84b-5e3cd9816007", "isDeleted:":"true", "version":"1698839093862"}}
{"logTime": "1220/054834", "correlationVector":"ZRb9aOBeAL6yp39cesdtrX.58","action":"GetUpdates", "result":"DeleteReceived", "context":{"id":"12f5e21e-9a39-4680-936a-7f3ccc78dfaa", "isDeleted:":"true", "version":"1698911641822"}}
{"logTime": "1220/054834", "correlationVector":"ZRb9aOBeAL6yp39cesdtrX.59","action":"GetUpdates", "result":"DeleteReceived", "context":{"id":"480772d2-c179-49e9-91da-d273f80cb1bd", "isDeleted:":"true", "version":"1698940781314"}}
{"logTime": "1220/054834", "correlationVector":"ZRb9aOBeAL6yp39cesdtrX.60","action":"GetUpdates", "result":"DeleteReceived", "context":{"id":"0e7d2252-4fb3-48c5-b3a1-5c00995fb7ee", "isDeleted:":"true", "version":"1698940781315"}}
{"logTime": "1220/054834", "correlationVector":"ZRb9aOBeAL6yp39cesdtrX.61","action":"GetUpdates", "result":"DeleteReceived", "context":{"id":"7a2b93cc-ae79-4dcd-8857-34a8430b6bbc", "isDeleted:":"true", "version":"1698940781317"}}
{"logTime": "1220/054834", "correlationVector":"ZRb9aOBeAL6yp39cesdtrX.62","action":"GetUpdates", "result":"DeleteReceived", "context":{"id":"df01f6d5-f5a5-4b56-a3bf-f5793bd90076", "isDeleted:":"true", "version":"1698940781319"}}
{"logTime": "1220/054834", "correlationVector":"ZRb9aOBeAL6yp39cesdtrX.63","action":"GetUpdates", "result":"DeleteReceived", "context":{"id":"fb6308e7-6eb6-40b4-9b12-be6dfccf15b1", "isDeleted:":"true", "version":"1698945296241"}}
{"logTime": "1220/054834", "correlationVector":"ZRb9aOBeAL6yp39cesdtrX.64","action":"GetUpdates", "result":"DeleteReceived", "context":{"id":"744c9561-7969-4438-ad4e-66f6951ead7d", "isDeleted:":"true", "version":"1698977568377"}}
{"logTime": "1220/054834", "correlationVector":"ZRb9aOBeAL6yp39cesdtrX.65","action":"GetUpdates", "result":"DeleteReceived", "context":{"id":"91391fb3-bfcd-4d13-ac82-cbb5490172f5", "isDeleted:":"true", "version":"1698977568380"}}
{"logTime": "1220/054834", "correlationVector":"ZRb9aOBeAL6yp39cesdtrX.66","action":"GetUpdates", "result":"DeleteReceived", "context":{"id":"77187660-5f15-4991-964e-ae3dccf247ee", "isDeleted:":"true", "version":"1698978077834"}}
{"logTime": "1220/054834", "correlationVector":"ZRb9aOBeAL6yp39cesdtrX.67","action":"GetUpdates", "result":"DeleteReceived", "context":{"id":"aa119fc4-f1e6-4694-8cf0-b6f44eb74612", "isDeleted:":"true", "version":"1699011064848"}}
{"logTime": "1220/054834", "correlationVector":"ZRb9aOBeAL6yp39cesdtrX.68","action":"GetUpdates", "result":"DeleteReceived", "context":{"id":"ec1d735e-db15-4f82-b14b-db2e447beb3c", "isDeleted:":"true", "version":"1699077529933"}}
{"logTime": "1220/054834", "correlationVector":"ZRb9aOBeAL6yp39cesdtrX.69","action":"GetUpdates", "result":"DeleteReceived", "context":{"id":"30d08306-9391-4c35-a06a-86da89895cc4", "isDeleted:":"true", "version":"1699104913976"}}
{"logTime": "1220/054834", "correlationVector":"ZRb9aOBeAL6yp39cesdtrX.70","action":"GetUpdates", "result":"DeleteReceived", "context":{"id":"b22a1bf7-3d10-4e46-92d7-a1e29fef4238", "isDeleted:":"true", "version":"1699162327045"}}
{"logTime": "1220/054834", "correlationVector":"ZRb9aOBeAL6yp39cesdtrX.71","action":"GetUpdates", "result":"DeleteReceived", "context":{"id":"c233bff4-3ea4-4c55-bb7b-ac8fbdd5565f", "isDeleted:":"true", "version":"1699162703161"}}
{"logTime": "1220/054834", "correlationVector":"ZRb9aOBeAL6yp39cesdtrX.72","action":"GetUpdates", "result":"DeleteReceived", "context":{"id":"c45b9d44-66af-4838-a1eb-112936e4847f", "isDeleted:":"true", "version":"1699179333265"}}
{"logTime": "1220/054834", "correlationVector":"ZRb9aOBeAL6yp39cesdtrX.73","action":"GetUpdates", "result":"DeleteReceived", "context":{"id":"5e1b8f38-2544-4119-8194-8a2544180c51", "isDeleted:":"true", "version":"1699246656898"}}
{"logTime": "1220/054834", "correlationVector":"ZRb9aOBeAL6yp39cesdtrX.74","action":"GetUpdates", "result":"DeleteReceived", "context":{"id":"7dd93025-38c1-4593-89bb-fa1a8b8f2e78", "isDeleted:":"true", "version":"1699246656899"}}
{"logTime": "1220/054834", "correlationVector":"ZRb9aOBeAL6yp39cesdtrX.75","action":"GetUpdates", "result":"DeleteReceived", "context":{"id":"049c9ee2-4c77-4b96-a7b5-a1ebf916b7a0", "isDeleted:":"true", "version":"1699246656901"}}
{"logTime": "1220/054834", "correlationVector":"ZRb9aOBeAL6yp39cesdtrX.76","action":"GetUpdates", "result":"DeleteReceived", "context":{"id":"fac9ef40-5ede-404a-9e9a-00094b05a44a", "isDeleted:":"true", "version":"1699246656903"}}
{"logTime": "1220/054834", "correlationVector":"ZRb9aOBeAL6yp39cesdtrX.77","action":"GetUpdates", "result":"DeleteReceived", "context":{"id":"dc55efcc-21f9-427b-9ce5-2e9bd5831e1b", "isDeleted:":"true", "version":"1699248053101"}}
{"logTime": "1220/054834", "correlationVector":"ZRb9aOBeAL6yp39cesdtrX.78","action":"GetUpdates", "result":"DeleteReceived", "context":{"id":"8fe84521-afde-44af-8127-0fc46554a975", "isDeleted:":"true", "version":"1699248250388"}}
{"logTime": "1220/054834", "correlationVector":"ZRb9aOBeAL6yp39cesdtrX.79","action":"GetUpdates", "result":"DeleteReceived", "context":{"id":"ab3bbba5-60d2-41e7-a2a7-35b95fa93f43", "isDeleted:":"true", "version":"1699248250389"}}
{"logTime": "1220/054834", "correlationVector":"ZRb9aOBeAL6yp39cesdtrX.80","action":"GetUpdates", "result":"DeleteReceived", "context":{"id":"95893d7e-bf4e-4b3c-b337-d67acce1d499", "isDeleted:":"true", "version":"1699248250390"}}
{"logTime": "1220/054834", "correlationVector":"ZRb9aOBeAL6yp39cesdtrX.81","action":"GetUpdates", "result":"DeleteReceived", "context":{"id":"06e27ff8-d23f-43e4-b8bc-5c659d9e8809", "isDeleted:":"true", "version":"1699248250391"}}
{"logTime": "1220/054834", "correlationVector":"ZRb9aOBeAL6yp39cesdtrX.82","action":"GetUpdates", "result":"DeleteReceived", "context":{"id":"2e640a2e-ff9a-403f-a190-1d9589af7f7e", "isDeleted:":"true", "version":"1699248250393"}}
{"logTime": "1220/054834", "correlationVector":"ZRb9aOBeAL6yp39cesdtrX.83","action":"GetUpdates", "result":"DeleteReceived", "context":{"id":"43230eee-5f56-4924-858b-aa802946967d", "isDeleted:":"true", "version":"1699248250394"}}
{"logTime": "1220/054834", "correlationVector":"ZRb9aOBeAL6yp39cesdtrX.84","action":"GetUpdates", "result":"DeleteReceived", "context":{"id":"d9876b3a-c177-4c2e-8eb4-31d463be2587", "isDeleted:":"true", "version":"1699248250395"}}
{"logTime": "1220/054834", "correlationVector":"ZRb9aOBeAL6yp39cesdtrX.85","action":"GetUpdates", "result":"DeleteReceived", "context":{"id":"2d33a0a1-e8c3-4fee-90ad-0a31942c60c2", "isDeleted:":"true", "version":"1699248250396"}}
{"logTime": "1220/054834", "correlationVector":"ZRb9aOBeAL6yp39cesdtrX.86","action":"GetUpdates", "result":"DeleteReceived", "context":{"id":"9a275120-8015-411b-aa3d-5d99850c8da9", "isDeleted:":"true", "version":"1699283414195"}}
{"logTime": "1220/054834", "correlationVector":"ZRb9aOBeAL6yp39cesdtrX.87","action":"GetUpdates", "result":"DeleteReceived", "context":{"id":"d6f1168a-722d-45c0-abd0-4f33eb7131bb", "isDeleted:":"true", "version":"1699283414196"}}
{"logTime": "1220/054834", "correlationVector":"ZRb9aOBeAL6yp39cesdtrX.88","action":"GetUpdates", "result":"DeleteReceived", "context":{"id":"979d776b-377f-4cc4-8bb4-7ed2f4658573", "isDeleted:":"true", "version":"1699283414197"}}
{"logTime": "1220/054834", "correlationVector":"ZRb9aOBeAL6yp39cesdtrX.89","action":"GetUpdates", "result":"DeleteReceived", "context":{"id":"bc8f4eb4-69df-435f-a109-4dac404002b1", "isDeleted:":"true", "version":"1699288147997"}}
{"logTime": "1220/054834", "correlationVector":"ZRb9aOBeAL6yp39cesdtrX.90","action":"GetUpdates", "result":"DeleteReceived", "context":{"id":"8881e02f-164f-43a1-9fd3-20c9c00a39c5", "isDeleted:":"true", "version":"1699342062953"}}
{"logTime": "1220/054834", "correlationVector":"ZRb9aOBeAL6yp39cesdtrX.92","action":"GetUpdates", "result":"DeleteReceived", "context":{"id":"0a1a6b6b-163b-4968-b337-665a8df0a458", "isDeleted:":"true", "version":"1699423511686"}}
{"logTime": "1220/054834", "correlationVector":"ZRb9aOBeAL6yp39cesdtrX.93","action":"GetUpdates", "result":"DeleteReceived", "context":{"id":"f06dea1d-d806-4ab0-af76-8f013e8cf113", "isDeleted:":"true", "version":"1699423525526"}}
{"logTime": "1220/054834", "correlationVector":"ZRb9aOBeAL6yp39cesdtrX.94","action":"GetUpdates", "result":"DeleteReceived", "context":{"id":"1d668bc1-afc0-43f3-858a-6e800f11dd5c", "isDeleted:":"true", "version":"1699423525528"}}
{"logTime": "1220/054834", "correlationVector":"ZRb9aOBeAL6yp39cesdtrX.95","action":"GetUpdates", "result":"DeleteReceived", "context":{"id":"036c920f-cec3-4db2-9009-e9ffb633be38", "isDeleted:":"true", "version":"1699423525529"}}
{"logTime": "1220/054834", "correlationVector":"ZRb9aOBeAL6yp39cesdtrX.96","action":"GetUpdates", "result":"DeleteReceived", "context":{"id":"01e7e097-d387-45d8-b76d-820bb664e0ba", "isDeleted:":"true", "version":"1699525135995"}}
{"logTime": "1220/054834", "correlationVector":"ZRb9aOBeAL6yp39cesdtrX.97","action":"GetUpdates", "result":"DeleteReceived", "context":{"id":"99cb761d-463f-4486-b1f3-7b9e2d08313c", "isDeleted:":"true", "version":"1699543095880"}}
{"logTime": "1220/054834", "correlationVector":"ZRb9aOBeAL6yp39cesdtrX.99","action":"GetUpdates", "result":"DeleteReceived", "context":{"id":"0549fc7c-d9d0-49d6-9c7b-d21e29f4b65d", "isDeleted:":"true", "version":"1699598355718"}}
{"logTime": "1220/054834", "correlationVector":"ZRb9aOBeAL6yp39cesdtrX.100","action":"GetUpdates", "result":"DeleteReceived", "context":{"id":"e59fac9a-7aa3-490e-b97e-1d0dd653773a", "isDeleted:":"true", "version":"1699598355719"}}
{"logTime": "1220/054834", "correlationVector":"ZRb9aOBeAL6yp39cesdtrX.101","action":"GetUpdates", "result":"DeleteReceived", "context":{"id":"f1be5435-1a7a-4259-9dd1-326c979b38a1", "isDeleted:":"true", "version":"1699723514532"}}
{"logTime": "1220/054834", "correlationVector":"ZRb9aOBeAL6yp39cesdtrX.102","action":"GetUpdates", "result":"DeleteReceived", "context":{"id":"5d6d315c-270f-4c52-b585-cb85dc53e5aa", "isDeleted:":"true", "version":"1699846347364"}}
{"logTime": "1220/054834", "correlationVector":"ZRb9aOBeAL6yp39cesdtrX.103","action":"GetUpdates", "result":"DeleteReceived", "context":{"id":"e3f6d5cf-c117-442b-85e0-1e8ac46afccd", "isDeleted:":"true", "version":"1699846347365"}}
{"logTime": "1220/054834", "correlationVector":"ZRb9aOBeAL6yp39cesdtrX.104","action":"GetUpdates", "result":"DeleteReceived", "context":{"id":"9ba01133-589e-4618-b1eb-2187779640f3", "isDeleted:":"true", "version":"1699846347367"}}
{"logTime": "1220/054834", "correlationVector":"ZRb9aOBeAL6yp39cesdtrX.105","action":"GetUpdates", "result":"DeleteReceived", "context":{"id":"c2ac15a0-6b15-44e3-9727-258e139c7d48", "isDeleted:":"true", "version":"1699846347370"}}
{"logTime": "1220/054834", "correlationVector":"ZRb9aOBeAL6yp39cesdtrX.106","action":"GetUpdates", "result":"DeleteReceived", "context":{"id":"fc168ecd-9e1b-4609-bb47-590503ae0700", "isDeleted:":"true", "version":"1699861143068"}}
{"logTime": "1220/054834", "correlationVector":"ZRb9aOBeAL6yp39cesdtrX.107","action":"GetUpdates", "result":"DeleteReceived", "context":{"id":"3cf12b11-13a7-4ed3-94a6-055007c0f18d", "isDeleted:":"true", "version":"1699861143069"}}
{"logTime": "1220/054834", "correlationVector":"ZRb9aOBeAL6yp39cesdtrX.108","action":"GetUpdates", "result":"DeleteReceived", "context":{"id":"0f0b212d-c14c-4928-babf-0fa5558e883c", "isDeleted:":"true", "version":"1699861143070"}}
{"logTime": "1220/054834", "correlationVector":"ZRb9aOBeAL6yp39cesdtrX.109","action":"GetUpdates", "result":"DeleteReceived", "context":{"id":"9c51f7e8-d01e-4555-91d5-c81f3d48972b", "isDeleted:":"true", "version":"1699861143073"}}
{"logTime": "1220/054834", "correlationVector":"ZRb9aOBeAL6yp39cesdtrX.110","action":"GetUpdates", "result":"DeleteReceived", "context":{"id":"3e68f627-bce2-459b-a6e7-0546835116a3", "isDeleted:":"true", "version":"1699861143074"}}
{"logTime": "1220/054834", "correlationVector":"ZRb9aOBeAL6yp39cesdtrX.111","action":"GetUpdates", "result":"DeleteReceived", "context":{"id":"df8a1b58-a602-44aa-9f5c-41655424eefb", "isDeleted:":"true", "version":"1699892505781"}}
{"logTime": "1220/054834", "correlationVector":"ZRb9aOBeAL6yp39cesdtrX.113","action":"GetUpdates", "result":"DeleteReceived", "context":{"id":"564fcbfd-eef9-4723-8614-eea48275bb2e", "isDeleted:":"true", "version":"1699892505783"}}
{"logTime": "1220/054834", "correlationVector":"ZRb9aOBeAL6yp39cesdtrX.114","action":"GetUpdates", "result":"DeleteReceived", "context":{"id":"2bb71855-4f54-404d-a4c2-abbc083b5e8e", "isDeleted:":"true", "version":"1699892505784"}}
{"logTime": "1220/054834", "correlationVector":"ZRb9aOBeAL6yp39cesdtrX.115","action":"GetUpdates", "result":"DeleteReceived", "context":{"id":"00c1c9d3-f1e0-48a9-880a-66859fe23b83", "isDeleted:":"true", "version":"1699917925214"}}
{"logTime": "1220/054834", "correlationVector":"ZRb9aOBeAL6yp39cesdtrX.116","action":"GetUpdates", "result":"DeleteReceived", "context":{"id":"654d5efd-fc94-44f8-839a-d964e50d35b8", "isDeleted:":"true", "version":"1699969335446"}}
{"logTime": "1220/054834", "correlationVector":"ZRb9aOBeAL6yp39cesdtrX.117","action":"GetUpdates", "result":"DeleteReceived", "context":{"id":"a1f30fbe-13e7-42cf-ab71-c72627d7a38c", "isDeleted:":"true", "version":"1700011273075"}}
{"logTime": "1220/054834", "correlationVector":"ZRb9aOBeAL6yp39cesdtrX.118","action":"GetUpdates", "result":"DeleteReceived", "context":{"id":"5f42bbb1-3292-44d5-ae5c-518fdc5b5a80", "isDeleted:":"true", "version":"1700022088119"}}
{"logTime": "1220/054834", "correlationVector":"ZRb9aOBeAL6yp39cesdtrX.119","action":"GetUpdates", "result":"DeleteReceived", "context":{"id":"971ebfbc-cd12-4f9a-a13a-ed10a1143400", "isDeleted:":"true", "version":"1700022088120"}}
{"logTime": "1220/054834", "correlationVector":"ZRb9aOBeAL6yp39cesdtrX.120","action":"GetUpdates", "result":"DeleteReceived", "context":{"id":"440b042f-0720-4b4a-9914-42bc2e145c27", "isDeleted:":"true", "version":"1700022088122"}}
{"logTime": "1220/054834", "correlationVector":"ZRb9aOBeAL6yp39cesdtrX.121","action":"GetUpdates", "result":"DeleteReceived", "context":{"id":"4d4103ad-c15e-4b98-bdba-322b28380bd4", "isDeleted:":"true", "version":"1700128986831"}}
{"logTime": "1220/054834", "correlationVector":"ZRb9aOBeAL6yp39cesdtrX.122","action":"GetUpdates", "result":"DeleteReceived", "context":{"id":"ca7a1548-372f-4c31-bbf6-bdc8e9c8becd", "isDeleted:":"true", "version":"1700128986832"}}
{"logTime": "1220/054834", "correlationVector":"ZRb9aOBeAL6yp39cesdtrX.123","action":"GetUpdates", "result":"DeleteReceived", "context":{"id":"11c9edb6-806f-4e53-9d6b-44018ee95f40", "isDeleted:":"true", "version":"1700128986835"}}
{"logTime": "1220/054834", "correlationVector":"ZRb9aOBeAL6yp39cesdtrX.124","action":"GetUpdates", "result":"DeleteReceived", "context":{"id":"9774601a-7973-44ec-8d9a-3de83213bd2d", "isDeleted:":"true", "version":"1700128986836"}}
{"logTime": "1220/054834", "correlationVector":"ZRb9aOBeAL6yp39cesdtrX.125","action":"GetUpdates", "result":"DeleteReceived", "context":{"id":"3238ef35-9f7a-442d-9554-33203031741d", "isDeleted:":"true", "version":"1700128986837"}}
{"logTime": "1220/054834", "correlationVector":"ZRb9aOBeAL6yp39cesdtrX.126","action":"GetUpdates", "result":"DeleteReceived", "context":{"id":"5b171186-8435-47c6-aa3d-7a5f6b528ffe", "isDeleted:":"true", "version":"1700128986838"}}
{"logTime": "1220/054834", "correlationVector":"ZRb9aOBeAL6yp39cesdtrX.127","action":"GetUpdates", "result":"DeleteReceived", "context":{"id":"f98c275d-7541-4025-a48f-cda72aef64fd", "isDeleted:":"true", "version":"1700244542905"}}
{"logTime": "1220/054834", "correlationVector":"ZRb9aOBeAL6yp39cesdtrX.128","action":"GetUpdates", "result":"DeleteReceived", "context":{"id":"61e8cea6-6797-4913-bc53-cc5ddf72df82", "isDeleted:":"true", "version":"1700280967949"}}
{"logTime": "1220/054834", "correlationVector":"ZRb9aOBeAL6yp39cesdtrX.129","action":"GetUpdates", "result":"DeleteReceived", "context":{"id":"b63c7ac1-08a0-4102-be23-4d4ce6a6eb5c", "isDeleted:":"true", "version":"1700280967950"}}
{"logTime": "1220/054834", "correlationVector":"ZRb9aOBeAL6yp39cesdtrX.130","action":"GetUpdates", "result":"DeleteReceived", "context":{"id":"fd5fe340-7885-4e7b-b18e-b4661a97835f", "isDeleted:":"true", "version":"1700299766294"}}
{"logTime": "1220/054834", "correlationVector":"ZRb9aOBeAL6yp39cesdtrX.131","action":"GetUpdates", "result":"DeleteReceived", "context":{"id":"af1c487a-7a81-49cf-936d-93f69f0333dc", "isDeleted:":"true", "version":"1700484667003"}}
{"logTime": "1220/054834", "correlationVector":"ZRb9aOBeAL6yp39cesdtrX.132","action":"GetUpdates Response", "result":"SERVER_MORE_TO_DOWNLOAD", "context":Received 250 update(s).  Some updates remain.}
{"logTime": "1220/054834", "correlationVector":"Oc22uEwMzf/nQLF5JQW538","action":"Initial GetUpdates", "result":"", "context":Reason: NEWLY_SUPPORTED_DATATYPE. cV=Oc22uEwMzf/nQLF5JQW538}
{"logTime": "1220/054834", "correlationVector":"Oc22uEwMzf/nQLF5JQW538.1","action":"SyncServerConnectionManagerRequest", "result":"SYNC_SERVER_OK", "context":{"environment":"Prod_SoutheastAsia_000j", "migrationStage":"NotStarted", "server":"GENERAL01000001"}}
{"logTime": "1220/054834", "correlationVector":"Oc22uEwMzf/nQLF5JQW538.2","action":"GetUpdates", "result":"DeleteReceived", "context":{"id":"eefc5087-c95d-43a1-b352-2cd1f04813b6", "isDeleted:":"true", "version":"1700540224175"}}
{"logTime": "1220/054834", "correlationVector":"Oc22uEwMzf/nQLF5JQW538.3","action":"GetUpdates", "result":"DeleteReceived", "context":{"id":"7733a272-efa8-47e1-a556-0276f7b1e5d9", "isDeleted:":"true", "version":"1700552892412"}}
{"logTime": "1220/054834", "correlationVector":"Oc22uEwMzf/nQLF5JQW538.4","action":"GetUpdates", "result":"DeleteReceived", "context":{"id":"13e84dd3-afdb-4449-9985-79e6c1494300", "isDeleted:":"true", "version":"1700626381341"}}
{"logTime": "1220/054834", "correlationVector":"Oc22uEwMzf/nQLF5JQW538.5","action":"GetUpdates", "result":"DeleteReceived", "context":{"id":"81438638-99a1-4ff8-8dc2-edb349ab2a58", "isDeleted:":"true", "version":"1700706781611"}}
{"logTime": "1220/054834", "correlationVector":"Oc22uEwMzf/nQLF5JQW538.6","action":"GetUpdates", "result":"DeleteReceived", "context":{"id":"7012eba4-f80a-4fbf-9433-e6707384dfab", "isDeleted:":"true", "version":"1700726137332"}}
{"logTime": "1220/054834", "correlationVector":"Oc22uEwMzf/nQLF5JQW538.7","action":"GetUpdates", "result":"DeleteReceived", "context":{"id":"4f1a3f09-1699-4af6-8691-3193700957fd", "isDeleted:":"true", "version":"1700726413384"}}
{"logTime": "1220/054834", "correlationVector":"Oc22uEwMzf/nQLF5JQW538.8","action":"GetUpdates", "result":"DeleteReceived", "context":{"id":"e29e149a-533a-4b8a-8871-5a411b220fd9", "isDeleted:":"true", "version":"1700729700216"}}
{"logTime": "1220/054834", "correlationVector":"Oc22uEwMzf/nQLF5JQW538.9","action":"GetUpdates", "result":"DeleteReceived", "context":{"id":"259a82eb-f638-40ac-90c4-426aa12b481b", "isDeleted:":"true", "version":"1700729733857"}}
{"logTime": "1220/054834", "correlationVector":"Oc22uEwMzf/nQLF5JQW538.10","action":"GetUpdates", "result":"DeleteReceived", "context":{"id":"44d998ab-139a-4993-9c33-f76c7047adde", "isDeleted:":"true", "version":"1700846523068"}}
{"logTime": "1220/054834", "correlationVector":"Oc22uEwMzf/nQLF5JQW538.11","action":"GetUpdates", "result":"DeleteReceived", "context":{"id":"448a64ef-5d03-41db-b1cf-99afe9d982c9", "isDeleted:":"true", "version":"1700846523069"}}
{"logTime": "1220/054834", "correlationVector":"Oc22uEwMzf/nQLF5JQW538.12","action":"GetUpdates", "result":"DeleteReceived", "context":{"id":"16084064-59db-43db-b6c8-4f8f7632830c", "isDeleted:":"true", "version":"1700920832539"}}
{"logTime": "1220/054834", "correlationVector":"Oc22uEwMzf/nQLF5JQW538.13","action":"GetUpdates", "result":"DeleteReceived", "context":{"id":"8fb52f71-a8da-4ec7-960c-91b5bb105e2a", "isDeleted:":"true", "version":"1700920832541"}}
{"logTime": "1220/054834", "correlationVector":"Oc22uEwMzf/nQLF5JQW538.14","action":"GetUpdates", "result":"DeleteReceived", "context":{"id":"0493a2ed-025e-4ce9-9f0d-e13cc333d592", "isDeleted:":"true", "version":"1701012442449"}}
{"logTime": "1220/054834", "correlationVector":"Oc22uEwMzf/nQLF5JQW538.15","action":"GetUpdates", "result":"DeleteReceived", "context":{"id":"ad67ae6d-bd15-420b-b7da-983ac805c33a", "isDeleted:":"true", "version":"1701015129968"}}
{"logTime": "1220/054834", "correlationVector":"Oc22uEwMzf/nQLF5JQW538.16","action":"GetUpdates", "result":"DeleteReceived", "context":{"id":"7ffee327-c6ed-4601-8b2e-d298984094a3", "isDeleted:":"true", "version":"1701041589231"}}
{"logTime": "1220/054834", "correlationVector":"Oc22uEwMzf/nQLF5JQW538.17","action":"GetUpdates", "result":"DeleteReceived", "context":{"id":"526ba69b-037a-4776-974e-f5ae1f9c35f4", "isDeleted:":"true", "version":"1701093627997"}}
{"logTime": "1220/054834", "correlationVector":"Oc22uEwMzf/nQLF5JQW538.18","action":"GetUpdates", "result":"DeleteReceived", "context":{"id":"a45f2028-962a-40c2-9631-10b205ccc76b", "isDeleted:":"true", "version":"1701129938739"}}
{"logTime": "1220/054834", "correlationVector":"Oc22uEwMzf/nQLF5JQW538.19","action":"GetUpdates", "result":"DeleteReceived", "context":{"id":"ecc4ae7e-f81f-4530-9e1f-716e063e65e2", "isDeleted:":"true", "version":"1701129938740"}}
{"logTime": "1220/054834", "correlationVector":"Oc22uEwMzf/nQLF5JQW538.20","action":"GetUpdates", "result":"DeleteReceived", "context":{"id":"8d039eec-ce1f-4ea0-9ba7-5bdcf65d8bf2", "isDeleted:":"true", "version":"1701129938742"}}
{"logTime": "1220/054834", "correlationVector":"Oc22uEwMzf/nQLF5JQW538.21","action":"GetUpdates", "result":"DeleteReceived", "context":{"id":"daa336e7-347f-4390-bb21-a74907fc1c81", "isDeleted:":"true", "version":"1701129938743"}}
{"logTime": "1220/054834", "correlationVector":"Oc22uEwMzf/nQLF5JQW538.22","action":"GetUpdates", "result":"DeleteReceived", "context":{"id":"79d38c0d-a93c-43dc-af8d-244282b700fb", "isDeleted:":"true", "version":"1701129938744"}}
{"logTime": "1220/054834", "correlationVector":"Oc22uEwMzf/nQLF5JQW538.24","action":"GetUpdates", "result":"DeleteReceived", "context":{"id":"53c77af2-9611-4105-bebf-61a06b5de4ca", "isDeleted:":"true", "version":"1701331349655"}}
{"logTime": "1220/054834", "correlationVector":"Oc22uEwMzf/nQLF5JQW538.25","action":"GetUpdates", "result":"DeleteReceived", "context":{"id":"c9cf88e5-abd1-4871-9cea-6b7195c0ce98", "isDeleted:":"true", "version":"1701331349656"}}
{"logTime": "1220/054834", "correlationVector":"Oc22uEwMzf/nQLF5JQW538.26","action":"GetUpdates", "result":"DeleteReceived", "context":{"id":"56c8cf38-cfaf-4f2b-bc39-67f00f78357d", "isDeleted:":"true", "version":"1701331349657"}}
{"logTime": "1220/054834", "correlationVector":"Oc22uEwMzf/nQLF5JQW538.27","action":"GetUpdates", "result":"DeleteReceived", "context":{"id":"c8b992b0-2466-4ccb-befa-f0d54f54d736", "isDeleted:":"true", "version":"1701331632294"}}
{"logTime": "1220/054834", "correlationVector":"Oc22uEwMzf/nQLF5JQW538.28","action":"GetUpdates", "result":"DeleteReceived", "context":{"id":"f992be70-6ad0-4969-ab10-09d461504e03", "isDeleted:":"true", "version":"1701331632295"}}
{"logTime": "1220/054834", "correlationVector":"Oc22uEwMzf/nQLF5JQW538.29","action":"GetUpdates", "result":"DeleteReceived", "context":{"id":"a6b13b49-4f82-409a-9048-24cd30e2c1ce", "isDeleted:":"true", "version":"1701340785532"}}
{"logTime": "1220/054834", "correlationVector":"Oc22uEwMzf/nQLF5JQW538.30","action":"GetUpdates", "result":"DeleteReceived", "context":{"id":"151ac4e7-4f27-4ef2-b65b-86128d2ffc4a", "isDeleted:":"true", "version":"1701340785535"}}
{"logTime": "1220/054834", "correlationVector":"Oc22uEwMzf/nQLF5JQW538.31","action":"GetUpdates", "result":"DeleteReceived", "context":{"id":"8e056d3e-89c1-48ce-9d91-d45178b6ec81", "isDeleted:":"true", "version":"1701361830798"}}
{"logTime": "1220/054834", "correlationVector":"Oc22uEwMzf/nQLF5JQW538.32","action":"GetUpdates", "result":"DeleteReceived", "context":{"id":"44e56de8-5dc0-41ed-bf0e-5d8753a55e18", "isDeleted:":"true", "version":"1701501262690"}}
{"logTime": "1220/054834", "correlationVector":"Oc22uEwMzf/nQLF5JQW538.33","action":"GetUpdates", "result":"DeleteReceived", "context":{"id":"8af45566-8d7c-40ac-be2b-d09ba53bdaa4", "isDeleted:":"true", "version":"1701501262691"}}
{"logTime": "1220/054834", "correlationVector":"Oc22uEwMzf/nQLF5JQW538.34","action":"GetUpdates", "result":"DeleteReceived", "context":{"id":"8cd340a8-5436-40b9-afdf-406393d400c0", "isDeleted:":"true", "version":"1701676767553"}}
{"logTime": "1220/054834", "correlationVector":"Oc22uEwMzf/nQLF5JQW538.35","action":"GetUpdates", "result":"DeleteReceived", "context":{"id":"093a745b-42c8-41dc-b2a3-01a2f096063d", "isDeleted:":"true", "version":"1701676767556"}}
{"logTime": "1220/054834", "correlationVector":"Oc22uEwMzf/nQLF5JQW538.36","action":"GetUpdates", "result":"DeleteReceived", "context":{"id":"08c03b00-e6fb-4f10-be74-4cf647512c2c", "isDeleted:":"true", "version":"1701880752395"}}
{"logTime": "1220/054834", "correlationVector":"Oc22uEwMzf/nQLF5JQW538.37","action":"GetUpdates", "result":"DeleteReceived", "context":{"id":"38f499d6-cd09-4401-92b6-d721dfe84327", "isDeleted:":"true", "version":"1701883529978"}}
{"logTime": "1220/054834", "correlationVector":"Oc22uEwMzf/nQLF5JQW538.38","action":"GetUpdates", "result":"DeleteReceived", "context":{"id":"74958bf1-d442-4f9e-845b-ce4adf5a36ca", "isDeleted:":"true", "version":"1701959256731"}}
{"logTime": "1220/054834", "correlationVector":"Oc22uEwMzf/nQLF5JQW538.39","action":"GetUpdates", "result":"DeleteReceived", "context":{"id":"87ca04d8-6bdc-46e5-9dd6-398f6b2702a2", "isDeleted:":"true", "version":"1701959256732"}}
{"logTime": "1220/054834", "correlationVector":"Oc22uEwMzf/nQLF5JQW538.40","action":"GetUpdates", "result":"DeleteReceived", "context":{"id":"04a193d4-67ac-4254-9c4f-ee9d77ab4233", "isDeleted:":"true", "version":"1702018346470"}}
{"logTime": "1220/054834", "correlationVector":"Oc22uEwMzf/nQLF5JQW538.41","action":"GetUpdates", "result":"DeleteReceived", "context":{"id":"30566896-f928-4ccd-922e-9c25b69ef75e", "isDeleted:":"true", "version":"1702018346472"}}
{"logTime": "1220/054834", "correlationVector":"Oc22uEwMzf/nQLF5JQW538.42","action":"GetUpdates", "result":"DeleteReceived", "context":{"id":"4a66f5d3-c4b1-4edd-bb03-c3f1f8000e95", "isDeleted:":"true", "version":"1702024078283"}}
{"logTime": "1220/054834", "correlationVector":"Oc22uEwMzf/nQLF5JQW538.43","action":"GetUpdates", "result":"DeleteReceived", "context":{"id":"7db4253d-399e-46ca-b46d-796f38416cf3", "isDeleted:":"true", "version":"1702379796917"}}
{"logTime": "1220/054834", "correlationVector":"Oc22uEwMzf/nQLF5JQW538.44","action":"GetUpdates", "result":"DeleteReceived", "context":{"id":"1b6b1f95-165f-4281-a15d-1d266ea6fec7", "isDeleted:":"true", "version":"1702379981160"}}
{"logTime": "1220/054834", "correlationVector":"Oc22uEwMzf/nQLF5JQW538.45","action":"GetUpdates", "result":"DeleteReceived", "context":{"id":"51501b2a-2c55-475c-bf43-306fbb98fba9", "isDeleted:":"true", "version":"1702399386529"}}
{"logTime": "1220/054834", "correlationVector":"Oc22uEwMzf/nQLF5JQW538.46","action":"GetUpdates", "result":"DeleteReceived", "context":{"id":"9d7eecd9-d7dd-4426-9e94-27b11189838e", "isDeleted:":"true", "version":"1702399386531"}}
{"logTime": "1220/054834", "correlationVector":"Oc22uEwMzf/nQLF5JQW538.47","action":"GetUpdates", "result":"DeleteReceived", "context":{"id":"fde73ea5-711c-46fe-ba71-471238ff8daf", "isDeleted:":"true", "version":"1702470641192"}}
{"logTime": "1220/054834", "correlationVector":"Oc22uEwMzf/nQLF5JQW538.48","action":"GetUpdates", "result":"DeleteReceived", "context":{"id":"da3f54e0-782b-4f7c-b498-a8584c5c2269", "isDeleted:":"true", "version":"1702490671822"}}
{"logTime": "1220/054834", "correlationVector":"Oc22uEwMzf/nQLF5JQW538.49","action":"GetUpdates", "result":"DeleteReceived", "context":{"id":"be0d570c-e6e2-439e-bff0-0e0ec58657b7", "isDeleted:":"true", "version":"1702517050448"}}
{"logTime": "1220/054834", "correlationVector":"Oc22uEwMzf/nQLF5JQW538.51","action":"GetUpdates", "result":"DeleteReceived", "context":{"id":"4b1f8524-fa5b-4425-bbde-d23b1598993d", "isDeleted:":"true", "version":"1702573163503"}}
{"logTime": "1220/054834", "correlationVector":"Oc22uEwMzf/nQLF5JQW538.52","action":"GetUpdates", "result":"DeleteReceived", "context":{"id":"f34b7eed-1800-4845-a529-6c64c33c08d0", "isDeleted:":"true", "version":"1702573163505"}}
{"logTime": "1220/054834", "correlationVector":"Oc22uEwMzf/nQLF5JQW538.54","action":"GetUpdates", "result":"DeleteReceived", "context":{"id":"2663ec31-2d22-43c1-98f3-f22871af3324", "isDeleted:":"true", "version":"1702573163507"}}
{"logTime": "1220/054834", "correlationVector":"Oc22uEwMzf/nQLF5JQW538.55","action":"GetUpdates", "result":"DeleteReceived", "context":{"id":"58f5d228-9b16-4a85-a07c-1cd9d076fd8a", "isDeleted:":"true", "version":"1702573163508"}}
{"logTime": "1220/054834", "correlationVector":"Oc22uEwMzf/nQLF5JQW538.56","action":"GetUpdates", "result":"DeleteReceived", "context":{"id":"1fb565b4-d7b5-4e65-a95e-95c6202c3be8", "isDeleted:":"true", "version":"1702573469669"}}
{"logTime": "1220/054834", "correlationVector":"Oc22uEwMzf/nQLF5JQW538.57","action":"GetUpdates", "result":"DeleteReceived", "context":{"id":"0a2ac29f-a1d0-4491-a73f-f8bfb2f05a90", "isDeleted:":"true", "version":"1702607729802"}}
{"logTime": "1220/054834", "correlationVector":"Oc22uEwMzf/nQLF5JQW538.58","action":"GetUpdates", "result":"DeleteReceived", "context":{"id":"3414fae3-5516-4ccf-9d51-654d610319f6", "isDeleted:":"true", "version":"1702607729804"}}
{"logTime": "1220/054834", "correlationVector":"Oc22uEwMzf/nQLF5JQW538.59","action":"GetUpdates", "result":"DeleteReceived", "context":{"id":"87ebee03-d4c2-4730-8f7c-0b478cb2b3ed", "isDeleted:":"true", "version":"1702868757406"}}
{"logTime": "1220/054834", "correlationVector":"Oc22uEwMzf/nQLF5JQW538.60","action":"GetUpdates", "result":"DeleteReceived", "context":{"id":"626e04b2-7185-401f-9fde-abba4ce10571", "isDeleted:":"true", "version":"1702951837424"}}
{"logTime": "1220/054834", "correlationVector":"Oc22uEwMzf/nQLF5JQW538.61","action":"GetUpdates Response", "result":"SYNCER_OK", "context":Received 103 update(s). cV=Oc22uEwMzf/nQLF5JQW538.0;server=GENERAL01000001;cloudType=Consumer;environment=Prod_SoutheastAsia_000j;migrationStage=NotStarted}
{"logTime": "1220/054834", "correlationVector":"gpRzJnJWROZWIE6GxYXaRS","action":"Normal GetUpdate request", "result":"", "context":cV=gpRzJnJWROZWIE6GxYXaRS
Nudged types: Bookmarks, Passwords, Sessions, Device Info
Refresh requested types: Bookmarks, Preferences, Passwords, Autofill Profiles, Autofill, Autofill Custom Data, Typed URLs, Extensions, Sessions, Extension settings, History Delete Directives, Device Info, User Consents, Send Tab To Self, Web Apps, Collection, Edge E Drop, Edge Hub App Usage, Edge Wallet, Encryption Keys}
{"logTime": "1220/054835", "correlationVector":"gpRzJnJWROZWIE6GxYXaRS.1","action":"SyncServerConnectionManagerRequest", "result":"SYNC_SERVER_OK", "context":{"environment":"Prod_SoutheastAsia_000j", "migrationStage":"NotStarted", "server":"GENERAL0100000T"}}
{"logTime": "1220/054835", "correlationVector":"gpRzJnJWROZWIE6GxYXaRS.2","action":"GetUpdates Response", "result":"SYNCER_OK", "context":Received 0 update(s). cV=gpRzJnJWROZWIE6GxYXaRS.0;server=GENERAL0100000T;cloudType=Consumer;environment=Prod_SoutheastAsia_000j;migrationStage=NotStarted}
{"logTime": "1220/054835", "correlationVector":"K1TbxUe9VkPZaN7JZuwyVt","action":"Commit Request", "result":"", "context":Item count: 13
Contributing types: Passwords, Device Info}
{"logTime": "1220/054836", "correlationVector":"K1TbxUe9VkPZaN7JZuwyVt.1","action":"SyncServerConnectionManagerRequest", "result":"SYNC_SERVER_OK", "context":{"environment":"Prod_SoutheastAsia_000j", "migrationStage":"NotStarted", "server":"GENERAL0300001O"}}
{"logTime": "1220/054836", "correlationVector":"K1TbxUe9VkPZaN7JZuwyVt.2","action":"Commit Response", "result":"SYNCER_OK", "context":Result: SYNCER_OK. cV=K1TbxUe9VkPZaN7JZuwyVt.0;server=GENERAL0300001O;cloudType=Consumer;environment=Prod_SoutheastAsia_000j;migrationStage=NotStarted}
{"logTime": "1220/054836", "correlationVector":"MfcHnQ95DaSFC4QUp1S4S3","action":"Commit Request", "result":"", "context":Item count: 8
Contributing types: Bookmarks, Sessions}
{"logTime": "1220/054837", "correlationVector":"MfcHnQ95DaSFC4QUp1S4S3.1","action":"SyncServerConnectionManagerRequest", "result":"SYNC_SERVER_OK", "context":{"environment":"Prod_SoutheastAsia_000j", "migrationStage":"NotStarted", "server":"GENERAL0100000S"}}
{"logTime": "1220/054837", "correlationVector":"MfcHnQ95DaSFC4QUp1S4S3.2","action":"Commit Response", "result":"SYNCER_OK", "context":Result: SYNCER_OK. cV=MfcHnQ95DaSFC4QUp1S4S3.0;server=GENERAL0100000S;cloudType=Consumer;environment=Prod_SoutheastAsia_000j;migrationStage=NotStarted}
{"logTime": "1220/055425", "correlationVector":"+gWPtR7Pr/LgRY42vZK3U+.0","action":"FeedSettingFetch_homeCloud", "result":"0", "context":{}}
{"logTime": "1220/055425", "correlationVector":"IiWS6wM03VodWnHBnrsa6+.1","action":"SyncServerConnectionManagerRequest", "result":"SYNC_SERVER_OK", "context":{"environment":"Prod_SoutheastAsia_000j", "migrationStage":"NotStarted", "server":"GENERAL0100000N"}}
{"logTime": "1220/055425", "correlationVector":"IiWS6wM03VodWnHBnrsa6+","action":"Initial GetUpdates", "result":"", "context":Reason: NEW_CLIENT. cV=IiWS6wM03VodWnHBnrsa6+}
{"logTime": "1220/055425", "correlationVector":"IiWS6wM03VodWnHBnrsa6+.2","action":"GetUpdates Response", "result":"SYNCER_OK", "context":Received 1 update(s). cV=IiWS6wM03VodWnHBnrsa6+.0;server=GENERAL0100000N;cloudType=Consumer;environment=Prod_SoutheastAsia_000j;migrationStage=NotStarted}
{"logTime": "1220/055425", "correlationVector":"cFycYZVDCN1nq3EOtsWJj3","action":"Initial GetUpdates", "result":"", "context":Reason: NEWLY_SUPPORTED_DATATYPE. cV=cFycYZVDCN1nq3EOtsWJj3}
{"logTime": "1220/055425", "correlationVector":"cFycYZVDCN1nq3EOtsWJj3.1","action":"SyncServerConnectionManagerRequest", "result":"SYNC_SERVER_OK", "context":{"environment":"Prod_SoutheastAsia_000j", "migrationStage":"NotStarted", "server":"GENERAL0100000N"}}
{"logTime": "1220/055425", "correlationVector":"cFycYZVDCN1nq3EOtsWJj3.2","action":"GetUpdates", "result":"DeleteReceived", "context":{"id":"f51be7f6-d9da-424d-9808-d1bd75be8a8e", "isDeleted:":"true", "version":"1696136757893"}}
{"logTime": "1220/055425", "correlationVector":"cFycYZVDCN1nq3EOtsWJj3.3","action":"GetUpdates Response", "result":"SYNCER_OK", "context":Received 119 update(s). cV=cFycYZVDCN1nq3EOtsWJj3.0;server=GENERAL0100000N;cloudType=Consumer;environment=Prod_SoutheastAsia_000j;migrationStage=NotStarted}
{"logTime": "1220/055425", "correlationVector":"kaKzGVQFujrrtwp96SGx1K","action":"Normal GetUpdate request", "result":"", "context":cV=kaKzGVQFujrrtwp96SGx1K
Nudged types: Sessions
Refresh requested types: Bookmarks, Preferences, Passwords, Autofill Profiles, Autofill, Autofill Custom Data, Typed URLs, Extensions, Sessions, Extension settings, History Delete Directives, Device Info, User Consents, Send Tab To Self, Web Apps, Collection, Edge E Drop, Edge Hub App Usage, Edge Wallet, Encryption Keys}
{"logTime": "1220/055425", "correlationVector":"kaKzGVQFujrrtwp96SGx1K.2","action":"GetUpdates Response", "result":"SYNCER_OK", "context":Received 9 update(s). cV=kaKzGVQFujrrtwp96SGx1K.0;server=GENERAL01000015;cloudType=Consumer;environment=Prod_SoutheastAsia_000j;migrationStage=NotStarted}
{"logTime": "1220/055425", "correlationVector":"tr0IcKJR5D9VQUlGI+rwTa","action":"Commit Request", "result":"", "context":Item count: 3
Contributing types: Sessions}
{"logTime": "1220/055425", "correlationVector":"tr0IcKJR5D9VQUlGI+rwTa.3","action":"Commit.Sessions", "result":"Success", "context":{"id":"0d402e28-4c37-4e76-80dd-8da09a31298a", "isDeleted":"true", "size":"0", "version":"1703051317194"}}
{"logTime": "1220/055425", "correlationVector":"tr0IcKJR5D9VQUlGI+rwTa.2","action":"Commit Response", "result":"SYNCER_OK", "context":Result: SYNCER_OK. cV=tr0IcKJR5D9VQUlGI+rwTa.0;server=GENERAL0300001X;cloudType=Consumer;environment=Prod_SoutheastAsia_000j;migrationStage=NotStarted}
{"logTime": "1220/055429", "correlationVector":"k+t3zNZZTATD/3CdHsQbSK","action":"SyncServerConnectionManagerRequest", "result":"SYNC_SERVER_OK", "context":{"environment":"", "migrationStage":"", "server":""}}
{"logTime": "1220/055429", "correlationVector":"qTI1gG0ar/PT7RkkMQCVmH","action":"Normal GetUpdate request", "result":"", "context":cV=qTI1gG0ar/PT7RkkMQCVmH
Nudged types: Preferences, Sessions}
{"logTime": "1220/055430", "correlationVector":"qTI1gG0ar/PT7RkkMQCVmH.1","action":"SyncServerConnectionManagerRequest", "result":"SYNC_SERVER_OK", "context":{"environment":"Prod_SoutheastAsia_000j", "migrationStage":"NotStarted", "server":"GENERAL0300001P"}}
{"logTime": "1220/055430", "correlationVector":"qTI1gG0ar/PT7RkkMQCVmH.2","action":"GetUpdates", "result":"DeleteReceived", "context":{"id":"0d402e28-4c37-4e76-80dd-8da09a31298a", "isDeleted:":"true", "version":"1703051651588"}}
{"logTime": "1220/055430", "correlationVector":"qTI1gG0ar/PT7RkkMQCVmH.3","action":"GetUpdates Response", "result":"SYNCER_OK", "context":Received 3 update(s). cV=qTI1gG0ar/PT7RkkMQCVmH.0;server=GENERAL0300001P;cloudType=Consumer;environment=Prod_SoutheastAsia_000j;migrationStage=NotStarted}
{"logTime": "1220/055430", "correlationVector":"GNT6/hQbBOMu6VR0L3yQAj","action":"Commit Request", "result":"", "context":Item count: 2
Contributing types: Preferences, Sessions}
{"logTime": "1220/055431", "correlationVector":"GNT6/hQbBOMu6VR0L3yQAj.1","action":"SyncServerConnectionManagerRequest", "result":"SYNC_SERVER_OK", "context":{"environment":"Prod_SoutheastAsia_000j", "migrationStage":"NotStarted", "server":"GENERAL0100001C"}}
{"logTime": "1220/055431", "correlationVector":"GNT6/hQbBOMu6VR0L3yQAj.2","action":"Commit Response", "result":"SYNCER_OK", "context":Result: SYNCER_OK. cV=GNT6/hQbBOMu6VR0L3yQAj.0;server=GENERAL0100001C;cloudType=Consumer;environment=Prod_SoutheastAsia_000j;migrationStage=NotStarted}
{"logTime": "1220/055431", "correlationVector":"/xYkgQfKcXEuQMmaHVgQPr","action":"Normal GetUpdate request", "result":"", "context":cV=/xYkgQfKcXEuQMmaHVgQPr
Nudged types: Preferences, Sessions
Refresh requested types: Bookmarks, Preferences, Passwords, Autofill Profiles, Autofill, Autofill Custom Data, Typed URLs, Extensions, Sessions, Extension settings, History Delete Directives, Device Info, User Consents, Send Tab To Self, Web Apps, Collection, Edge E Drop, Edge Hub App Usage, Edge Wallet, Encryption Keys}
{"logTime": "1220/055431", "correlationVector":"/xYkgQfKcXEuQMmaHVgQPr.1","action":"SyncServerConnectionManagerRequest", "result":"SYNC_SERVER_OK", "context":{"environment":"Prod_SoutheastAsia_000j", "migrationStage":"NotStarted", "server":"GENERAL0300002F"}}
{"logTime": "1220/055431", "correlationVector":"/xYkgQfKcXEuQMmaHVgQPr.2","action":"GetUpdates Response", "result":"SYNCER_OK", "context":Received 2 update(s). cV=/xYkgQfKcXEuQMmaHVgQPr.0;server=GENERAL0300002F;cloudType=Consumer;environment=Prod_SoutheastAsia_000j;migrationStage=NotStarted}
